<?xml version="1.0" encoding="UTF-8"?>
<!-- Generated by org.testng.reporters.JUnitReportReporter -->
<testsuite hostname="DESKTOP-M64MAKE" failures="0" tests="1" name="TestRunnerr.TestRunneerrr" time="35.136" errors="0" timestamp="2021-08-06T18:48:01 PDT" skipped="0">
  <testcase classname="TestRunnerr.TestRunneerrr" name="feature" time="35.136"/>
  <system-out/>
</testsuite> <!-- TestRunnerr.TestRunneerrr -->
