<?xml version="1.0" encoding="UTF-8"?>
<!-- Generated by org.testng.reporters.JUnitReportReporter -->
<testsuite hostname="DESKTOP-M64MAKE" failures="0" tests="1" name="TestRunnerr.TestRunneerrr" time="37.748" errors="0" timestamp="2021-06-29T19:25:28 PDT" skipped="0">
  <testcase classname="TestRunnerr.TestRunneerrr" name="feature" time="37.748"/>
  <system-out/>
</testsuite> <!-- TestRunnerr.TestRunneerrr -->
