<?xml version="1.0" encoding="UTF-8"?>
<!-- Generated by org.testng.reporters.JUnitReportReporter -->
<testsuite hostname="DESKTOP-M64MAKE" failures="0" tests="1" name="TestRunnerr.TestRunneerrr" time="52.229" errors="0" timestamp="2021-06-29T20:31:16 PDT" skipped="0">
  <testcase classname="TestRunnerr.TestRunneerrr" name="feature" time="52.229"/>
  <system-out/>
</testsuite> <!-- TestRunnerr.TestRunneerrr -->
